<?xml version="1.0" encoding="utf-8"?><testsuites name="pytest tests"><testsuite name="pytest" errors="0" failures="3" skipped="0" tests="25" time="3.452" timestamp="2026-01-28T23:26:03.369595+00:00" hostname="agent-env-c31185f5-aedf-4c0f-84df-155fe98c4047"><testcase classname="backend.tests.test_iteration3_features.TestAuth" name="test_login_success" time="0.312" /><testcase classname="backend.tests.test_iteration3_features.TestPOSOrdersByStatus" name="test_orders_by_status_endpoint" time="0.315" /><testcase classname="backend.tests.test_iteration3_features.TestCustomerEnhancements" name="test_customer_type_filter_retail" time="0.299" /><testcase classname="backend.tests.test_iteration3_features.TestCustomerEnhancements" name="test_customer_type_filter_business" time="0.093" /><testcase classname="backend.tests.test_iteration3_features.TestCustomerEnhancements" name="test_customer_stats_endpoint" time="0.041" /><testcase classname="backend.tests.test_iteration3_features.TestCustomerEnhancements" name="test_customer_orders_endpoint" time="0.036" /><testcase classname="backend.tests.test_iteration3_features.TestCustomerEnhancements" name="test_customer_business_info" time="0.042" /><testcase classname="backend.tests.test_iteration3_features.TestCustomerEnhancements" name="test_customer_discount_percent" time="0.037" /><testcase classname="backend.tests.test_iteration3_features.TestCustomerEnhancements" name="test_customer_blacklist_flag" time="0.079" /><testcase classname="backend.tests.test_iteration3_features.TestCustomerEnhancements" name="test_customer_advance_payment_flag" time="0.079" /><testcase classname="backend.tests.test_iteration3_features.TestMetricsAPI" name="test_metrics_overview" time="0.302" /><testcase classname="backend.tests.test_iteration3_features.TestMetricsAPI" name="test_metrics_overview_periods" time="0.155" /><testcase classname="backend.tests.test_iteration3_features.TestMetricsAPI" name="test_metrics_revenue" time="0.041" /><testcase classname="backend.tests.test_iteration3_features.TestMetricsAPI" name="test_metrics_items" time="0.034" /><testcase classname="backend.tests.test_iteration3_features.TestMetricsAPI" name="test_metrics_customers" time="0.042" /><testcase classname="backend.tests.test_iteration3_features.TestMetricsAPI" name="test_metrics_payments" time="0.040" /><testcase classname="backend.tests.test_iteration3_features.TestMetricsAPI" name="test_metrics_export_orders" time="0.046" /><testcase classname="backend.tests.test_iteration3_features.TestMetricsAPI" name="test_metrics_export_customers" time="0.042" /><testcase classname="backend.tests.test_iteration3_features.TestMetricsAPI" name="test_metrics_export_items" time="0.036" /><testcase classname="backend.tests.test_iteration3_features.TestNewPaymentMethods" name="test_pay_on_collection_payment" time="0.337"><failure message="assert 520 == 200&#10; +  where 520 = &lt;Response [520]&gt;.status_code">backend/tests/test_iteration3_features.py:452: in test_pay_on_collection_payment
    assert order_response.status_code == 200
E   assert 520 == 200
E    +  where 520 = &lt;Response [520]&gt;.status_code</failure></testcase><testcase classname="backend.tests.test_iteration3_features.TestNewPaymentMethods" name="test_invoice_payment_business_customer" time="0.079"><failure message="assert 520 == 200&#10; +  where 520 = &lt;Response [520]&gt;.status_code">backend/tests/test_iteration3_features.py:490: in test_invoice_payment_business_customer
    assert order_response.status_code == 200
E   assert 520 == 200
E    +  where 520 = &lt;Response [520]&gt;.status_code</failure></testcase><testcase classname="backend.tests.test_iteration3_features.TestNewPaymentMethods" name="test_invoice_payment_rejected_for_retail" time="0.035"><failure message="assert 520 == 200&#10; +  where 520 = &lt;Response [520]&gt;.status_code">backend/tests/test_iteration3_features.py:528: in test_invoice_payment_rejected_for_retail
    assert order_response.status_code == 200
E   assert 520 == 200
E    +  where 520 = &lt;Response [520]&gt;.status_code</failure></testcase><testcase classname="backend.tests.test_iteration3_features.TestParentChildItems" name="test_get_parent_items_only" time="0.291" /><testcase classname="backend.tests.test_iteration3_features.TestParentChildItems" name="test_get_item_children" time="0.037" /><testcase classname="backend.tests.test_iteration3_features.TestCleanup" name="test_cleanup_test_customers" time="0.410" /></testsuite></testsuites>