<?xml version="1.0" encoding="utf-8"?><testsuites name="pytest tests"><testsuite name="pytest" errors="0" failures="0" skipped="0" tests="25" time="58.130" timestamp="2026-01-28T23:26:48.991721+00:00" hostname="agent-env-c31185f5-aedf-4c0f-84df-155fe98c4047"><testcase classname="backend.tests.test_iteration3_features.TestAuth" name="test_login_success" time="0.286" /><testcase classname="backend.tests.test_iteration3_features.TestPOSOrdersByStatus" name="test_orders_by_status_endpoint" time="0.309" /><testcase classname="backend.tests.test_iteration3_features.TestCustomerEnhancements" name="test_customer_type_filter_retail" time="0.294" /><testcase classname="backend.tests.test_iteration3_features.TestCustomerEnhancements" name="test_customer_type_filter_business" time="0.074" /><testcase classname="backend.tests.test_iteration3_features.TestCustomerEnhancements" name="test_customer_stats_endpoint" time="0.037" /><testcase classname="backend.tests.test_iteration3_features.TestCustomerEnhancements" name="test_customer_orders_endpoint" time="0.038" /><testcase classname="backend.tests.test_iteration3_features.TestCustomerEnhancements" name="test_customer_business_info" time="0.035" /><testcase classname="backend.tests.test_iteration3_features.TestCustomerEnhancements" name="test_customer_discount_percent" time="0.039" /><testcase classname="backend.tests.test_iteration3_features.TestCustomerEnhancements" name="test_customer_blacklist_flag" time="0.098" /><testcase classname="backend.tests.test_iteration3_features.TestCustomerEnhancements" name="test_customer_advance_payment_flag" time="0.072" /><testcase classname="backend.tests.test_iteration3_features.TestMetricsAPI" name="test_metrics_overview" time="0.301" /><testcase classname="backend.tests.test_iteration3_features.TestMetricsAPI" name="test_metrics_overview_periods" time="0.159" /><testcase classname="backend.tests.test_iteration3_features.TestMetricsAPI" name="test_metrics_revenue" time="0.041" /><testcase classname="backend.tests.test_iteration3_features.TestMetricsAPI" name="test_metrics_items" time="0.036" /><testcase classname="backend.tests.test_iteration3_features.TestMetricsAPI" name="test_metrics_customers" time="0.041" /><testcase classname="backend.tests.test_iteration3_features.TestMetricsAPI" name="test_metrics_payments" time="4.124" /><testcase classname="backend.tests.test_iteration3_features.TestMetricsAPI" name="test_metrics_export_orders" time="0.054" /><testcase classname="backend.tests.test_iteration3_features.TestMetricsAPI" name="test_metrics_export_customers" time="19.532" /><testcase classname="backend.tests.test_iteration3_features.TestMetricsAPI" name="test_metrics_export_items" time="0.071" /><testcase classname="backend.tests.test_iteration3_features.TestNewPaymentMethods" name="test_pay_on_collection_payment" time="0.401" /><testcase classname="backend.tests.test_iteration3_features.TestNewPaymentMethods" name="test_invoice_payment_business_customer" time="0.123" /><testcase classname="backend.tests.test_iteration3_features.TestNewPaymentMethods" name="test_invoice_payment_rejected_for_retail" time="0.114" /><testcase classname="backend.tests.test_iteration3_features.TestParentChildItems" name="test_get_parent_items_only" time="0.299" /><testcase classname="backend.tests.test_iteration3_features.TestParentChildItems" name="test_get_item_children" time="11.275" /><testcase classname="backend.tests.test_iteration3_features.TestCleanup" name="test_cleanup_test_customers" time="20.185" /></testsuite></testsuites>